# JRE version: Java(TM) SE Runtime Environment (8.0_181-b13) (build 1.8.0_181-b13)
# Java VM: Java HotSpot(TM) 64-Bit Server VM (25.181-b13 mixed mode windows-amd64 compressed oops)
Heap:
 PSYoungGen      total 245760K, used 14693K [0x00000000d6000000, 0x00000000eac80000, 0x0000000100000000)
  eden space 228864K, 6% used [0x00000000d6000000,0x00000000d6e59540,0x00000000e3f80000)
  from space 16896K, 0% used [0x00000000e3f80000,0x00000000e3f80000,0x00000000e5000000)
  to   space 18432K, 0% used [0x00000000e9a80000,0x00000000e9a80000,0x00000000eac80000)
 ParOldGen       total 117248K, used 38634K [0x0000000082000000, 0x0000000089280000, 0x00000000d6000000)
  object space 117248K, 32% used [0x0000000082000000,0x00000000845ba8d0,0x0000000089280000)
 Metaspace       used 56841K, capacity 59146K, committed 59416K, reserved 1101824K
  class space    used 7525K, capacity 7965K, committed 7984K, reserved 1048576K
GC Heap History (10 events):
Event: 7.223 GC heap before
{Heap before GC invocations=10 (full 1):
 PSYoungGen      total 169984K, used 52322K [0x00000000d6000000, 0x00000000e3c80000, 0x0000000100000000)
  eden space 159744K, 26% used [0x00000000d6000000,0x00000000d891fb10,0x00000000dfc00000)
  from space 10240K, 99% used [0x00000000e0a80000,0x00000000e1478cf0,0x00000000e1480000)
  to   space 14848K, 0% used [0x00000000dfc00000,0x00000000dfc00000,0x00000000e0a80000)
 ParOldGen       total 57344K, used 15702K [0x0000000082000000, 0x0000000085800000, 0x00000000d6000000)
  object space 57344K, 27% used [0x0000000082000000,0x0000000082f559e8,0x0000000085800000)
 Metaspace       used 33829K, capacity 35344K, committed 35496K, reserved 1079296K
  class space    used 4399K, capacity 4710K, committed 4784K, reserved 1048576K
Event: 7.252 GC heap after
Heap after GC invocations=10 (full 1):
 PSYoungGen      total 174592K, used 8958K [0x00000000d6000000, 0x00000000e6080000, 0x0000000100000000)
  eden space 159744K, 0% used [0x00000000d6000000,0x00000000d6000000,0x00000000dfc00000)
  from space 14848K, 60% used [0x00000000dfc00000,0x00000000e04bf938,0x00000000e0a80000)
  to   space 14336K, 0% used [0x00000000e5280000,0x00000000e5280000,0x00000000e6080000)
 ParOldGen       total 57344K, used 17533K [0x0000000082000000, 0x0000000085800000, 0x00000000d6000000)
  object space 57344K, 30% used [0x0000000082000000,0x000000008311f4f8,0x0000000085800000)
 Metaspace       used 33829K, capacity 35344K, committed 35496K, reserved 1079296K
  class space    used 4399K, capacity 4710K, committed 4784K, reserved 1048576K
}
Event: 7.252 GC heap before
{Heap before GC invocations=11 (full 2):
 PSYoungGen      total 174592K, used 8958K [0x00000000d6000000, 0x00000000e6080000, 0x0000000100000000)
  eden space 159744K, 0% used [0x00000000d6000000,0x00000000d6000000,0x00000000dfc00000)
  from space 14848K, 60% used [0x00000000dfc00000,0x00000000e04bf938,0x00000000e0a80000)
  to   space 14336K, 0% used [0x00000000e5280000,0x00000000e5280000,0x00000000e6080000)
 ParOldGen       total 57344K, used 17533K [0x0000000082000000, 0x0000000085800000, 0x00000000d6000000)
  object space 57344K, 30% used [0x0000000082000000,0x000000008311f4f8,0x0000000085800000)
 Metaspace       used 33829K, capacity 35344K, committed 35496K, reserved 1079296K
  class space    used 4399K, capacity 4710K, committed 4784K, reserved 1048576K
Event: 7.373 GC heap after
Heap after GC invocations=11 (full 2):
 PSYoungGen      total 174592K, used 0K [0x00000000d6000000, 0x00000000e6080000, 0x0000000100000000)
  eden space 159744K, 0% used [0x00000000d6000000,0x00000000d6000000,0x00000000dfc00000)
  from space 14848K, 0% used [0x00000000dfc00000,0x00000000dfc00000,0x00000000e0a80000)
  to   space 14336K, 0% used [0x00000000e5280000,0x00000000e5280000,0x00000000e6080000)
 ParOldGen       total 83456K, used 19648K [0x0000000082000000, 0x0000000087180000, 0x00000000d6000000)
  object space 83456K, 23% used [0x0000000082000000,0x0000000083330300,0x0000000087180000)
 Metaspace       used 33829K, capacity 35344K, committed 35496K, reserved 1079296K
  class space    used 4399K, capacity 4710K, committed 4784K, reserved 1048576K
}
Event: 10.829 GC heap before
{Heap before GC invocations=12 (full 2):
 PSYoungGen      total 174592K, used 159744K [0x00000000d6000000, 0x00000000e6080000, 0x0000000100000000)
  eden space 159744K, 100% used [0x00000000d6000000,0x00000000dfc00000,0x00000000dfc00000)
  from space 14848K, 0% used [0x00000000dfc00000,0x00000000dfc00000,0x00000000e0a80000)
  to   space 14336K, 0% used [0x00000000e5280000,0x00000000e5280000,0x00000000e6080000)
 ParOldGen       total 83456K, used 19648K [0x0000000082000000, 0x0000000087180000, 0x00000000d6000000)
  object space 83456K, 23% used [0x0000000082000000,0x0000000083330300,0x0000000087180000)
 Metaspace       used 47803K, capacity 49430K, committed 49704K, reserved 1091584K
  class space    used 6315K, capacity 6629K, committed 6704K, reserved 1048576K
Event: 10.856 GC heap after
Heap after GC invocations=12 (full 2):
 PSYoungGen      total 237568K, used 14311K [0x00000000d6000000, 0x00000000e6080000, 0x0000000100000000)
  eden space 223232K, 0% used [0x00000000d6000000,0x00000000d6000000,0x00000000e3a00000)
  from space 14336K, 99% used [0x00000000e5280000,0x00000000e6079c50,0x00000000e6080000)
  to   space 16896K, 0% used [0x00000000e3f80000,0x00000000e3f80000,0x00000000e5000000)
 ParOldGen       total 83456K, used 21266K [0x0000000082000000, 0x0000000087180000, 0x00000000d6000000)
  object space 83456K, 25% used [0x0000000082000000,0x00000000834c4be8,0x0000000087180000)
 Metaspace       used 47803K, capacity 49430K, committed 49704K, reserved 1091584K
  class space    used 6315K, capacity 6629K, committed 6704K, reserved 1048576K
}
Event: 26.123 GC heap before
{Heap before GC invocations=13 (full 2):
 PSYoungGen      total 237568K, used 188793K [0x00000000d6000000, 0x00000000e6080000, 0x0000000100000000)
  eden space 223232K, 78% used [0x00000000d6000000,0x00000000e0a64820,0x00000000e3a00000)
  from space 14336K, 99% used [0x00000000e5280000,0x00000000e6079c50,0x00000000e6080000)
  to   space 16896K, 0% used [0x00000000e3f80000,0x00000000e3f80000,0x00000000e5000000)
 ParOldGen       total 83456K, used 21266K [0x0000000082000000, 0x0000000087180000, 0x00000000d6000000)
  object space 83456K, 25% used [0x0000000082000000,0x00000000834c4be8,0x0000000087180000)
 Metaspace       used 56799K, capacity 59056K, committed 59160K, reserved 1099776K
  class space    used 7508K, capacity 7934K, committed 7984K, reserved 1048576K
Event: 26.162 GC heap after
Heap after GC invocations=13 (full 2):
 PSYoungGen      total 245760K, used 14592K [0x00000000d6000000, 0x00000000eac80000, 0x0000000100000000)
  eden space 228864K, 0% used [0x00000000d6000000,0x00000000d6000000,0x00000000e3f80000)
  from space 16896K, 86% used [0x00000000e3f80000,0x00000000e4dc01a0,0x00000000e5000000)
  to   space 18432K, 0% used [0x00000000e9a80000,0x00000000e9a80000,0x00000000eac80000)
 ParOldGen       total 83456K, used 26940K [0x0000000082000000, 0x0000000087180000, 0x00000000d6000000)
  object space 83456K, 32% used [0x0000000082000000,0x0000000083a4f178,0x0000000087180000)
 Metaspace       used 56799K, capacity 59056K, committed 59160K, reserved 1099776K
  class space    used 7508K, capacity 7934K, committed 7984K, reserved 1048576K
}
Event: 26.162 GC heap before
{Heap before GC invocations=14 (full 3):
 PSYoungGen      total 245760K, used 14592K [0x00000000d6000000, 0x00000000eac80000, 0x0000000100000000)
  eden space 228864K, 0% used [0x00000000d6000000,0x00000000d6000000,0x00000000e3f80000)
  from space 16896K, 86% used [0x00000000e3f80000,0x00000000e4dc01a0,0x00000000e5000000)
  to   space 18432K, 0% used [0x00000000e9a80000,0x00000000e9a80000,0x00000000eac80000)
 ParOldGen       total 83456K, used 26940K [0x0000000082000000, 0x0000000087180000, 0x00000000d6000000)
  object space 83456K, 32% used [0x0000000082000000,0x0000000083a4f178,0x0000000087180000)
 Metaspace       used 56799K, capacity 59056K, committed 59160K, reserved 1099776K
  class space    used 7508K, capacity 7934K, committed 7984K, reserved 1048576K
Event: 26.519 GC heap after
Heap after GC invocations=14 (full 3):
 PSYoungGen      total 245760K, used 0K [0x00000000d6000000, 0x00000000eac80000, 0x0000000100000000)
  eden space 228864K, 0% used [0x00000000d6000000,0x00000000d6000000,0x00000000e3f80000)
  from space 16896K, 0% used [0x00000000e3f80000,0x00000000e3f80000,0x00000000e5000000)
  to   space 18432K, 0% used [0x00000000e9a80000,0x00000000e9a80000,0x00000000eac80000)
 ParOldGen       total 117248K, used 38634K [0x0000000082000000, 0x0000000089280000, 0x00000000d6000000)
  object space 117248K, 32% used [0x0000000082000000,0x00000000845ba8d0,0x0000000089280000)
 Metaspace       used 56795K, capacity 59050K, committed 59160K, reserved 1099776K
  class space    used 7507K, capacity 7933K, committed 7984K, reserved 1048576K
}

